[19:58:35] [main/WARN]: Ambiguity between arguments [teleport, destination] and [teleport, targets] with inputs: [Player, 0123, @e, dd12be42-52a9-4a91-a8a1-11c01849e498]
[19:58:35] [main/WARN]: Ambiguity between arguments [teleport, location] and [teleport, destination] with inputs: [0.1 -0.5 .9, 0 0 0]
[19:58:35] [main/WARN]: Ambiguity between arguments [teleport, location] and [teleport, targets] with inputs: [0.1 -0.5 .9, 0 0 0]
[19:58:35] [main/WARN]: Ambiguity between arguments [teleport, targets] and [teleport, destination] with inputs: [Player, 0123, dd12be42-52a9-4a91-a8a1-11c01849e498]
[19:58:35] [main/WARN]: Ambiguity between arguments [teleport, targets, location] and [teleport, targets, destination] with inputs: [0.1 -0.5 .9, 0 0 0]
[19:58:36] [Server thread/INFO]: Starting minecraft server version 1.15.2
[19:58:36] [Server thread/WARN]: To start the server with more ram, launch it as "java -Xmx1024M -Xms1024M -jar minecraft_server.jar"
[19:58:36] [Server thread/INFO]: Loading properties
[19:58:36] [Server thread/INFO]: Default game type: SURVIVAL
[19:58:36] [Server thread/INFO]: Generating keypair
[19:58:36] [Server console handler/ERROR]: Exception handling console input
java.io.IOException: The handle is invalid
	at java.io.FileInputStream.readBytes(Native Method) ~[?:1.8.0_181]
	at java.io.FileInputStream.read(FileInputStream.java:255) ~[?:1.8.0_181]
	at java.io.BufferedInputStream.read1(BufferedInputStream.java:284) ~[?:1.8.0_181]
	at java.io.BufferedInputStream.read(BufferedInputStream.java:345) ~[?:1.8.0_181]
	at sun.nio.cs.StreamDecoder.readBytes(StreamDecoder.java:284) ~[?:1.8.0_181]
	at sun.nio.cs.StreamDecoder.implRead(StreamDecoder.java:326) ~[?:1.8.0_181]
	at sun.nio.cs.StreamDecoder.read(StreamDecoder.java:178) ~[?:1.8.0_181]
	at java.io.InputStreamReader.read(InputStreamReader.java:184) ~[?:1.8.0_181]
	at java.io.BufferedReader.fill(BufferedReader.java:161) ~[?:1.8.0_181]
	at java.io.BufferedReader.readLine(BufferedReader.java:324) ~[?:1.8.0_181]
	at java.io.BufferedReader.readLine(BufferedReader.java:389) ~[?:1.8.0_181]
	at wd$2.run(SourceFile:110) [server.jar:?]
[19:58:37] [Server thread/INFO]: Starting Minecraft server on 192.168.196.11:25565
[19:58:37] [Server thread/INFO]: Using default channel type
[19:58:37] [Server thread/WARN]: **** SERVER IS RUNNING IN OFFLINE/INSECURE MODE!
[19:58:37] [Server thread/WARN]: The server will make no attempt to authenticate usernames. Beware.
[19:58:37] [Server thread/WARN]: While this makes the game possible to play without internet access, it also opens up the ability for hackers to connect with any username they choose.
[19:58:37] [Server thread/WARN]: To change this, set "online-mode" to "true" in the server.properties file.
[19:58:37] [Server thread/INFO]: Preparing level "world"
[19:58:37] [Server thread/INFO]: Reloading ResourceManager: Default
[19:58:38] [Server thread/INFO]: Loaded 6 recipes
[19:58:39] [Server thread/INFO]: Loaded 825 advancements
[19:58:40] [Server thread/INFO]: Preparing start region for dimension minecraft:overworld
[19:58:41] [Server thread/INFO]: Preparing spawn area: 0%
[19:58:41] [Server thread/INFO]: Preparing spawn area: 0%
[19:58:41] [Server thread/INFO]: Preparing spawn area: 0%
[19:58:41] [Server thread/INFO]: Preparing spawn area: 0%
[19:58:42] [Server thread/INFO]: Preparing spawn area: 0%
[19:58:49] [Server-Worker-5/INFO]: Preparing spawn area: 0%
[19:58:49] [Server-Worker-6/INFO]: Preparing spawn area: 0%
[19:58:49] [Server-Worker-7/INFO]: Preparing spawn area: 0%
[19:58:49] [Server-Worker-5/INFO]: Preparing spawn area: 0%
[19:58:49] [Server-Worker-6/INFO]: Preparing spawn area: 0%
[19:58:49] [Server-Worker-7/INFO]: Preparing spawn area: 0%
[19:58:49] [Server-Worker-4/INFO]: Preparing spawn area: 0%
[19:58:49] [Server-Worker-4/INFO]: Preparing spawn area: 0%
[19:58:49] [Server-Worker-2/INFO]: Preparing spawn area: 0%
[19:58:49] [Server-Worker-2/INFO]: Preparing spawn area: 0%
[19:58:49] [Server-Worker-4/INFO]: Preparing spawn area: 0%
[19:58:49] [Server-Worker-6/INFO]: Preparing spawn area: 0%
[19:58:49] [Server-Worker-6/INFO]: Preparing spawn area: 0%
[19:58:49] [Server-Worker-5/INFO]: Preparing spawn area: 0%
[19:58:49] [Server-Worker-1/INFO]: Preparing spawn area: 0%
[19:58:49] [Server thread/INFO]: Time elapsed: 9906 ms
[19:58:49] [Server thread/INFO]: Done (12.219s)! For help, type "help"
[19:59:34] [Server thread/INFO]: grumpina3443[/192.168.196.98:52547] logged in with entity id 73 at (-257.2175922886105, 64.0, -572.7649648990367)
[19:59:34] [Server thread/INFO]: grumpina3443 joined the game
[19:59:39] [Server thread/WARN]: Can't keep up! Is the server overloaded? Running 5108ms or 102 ticks behind
[20:00:42] [Server thread/WARN]: Can't keep up! Is the server overloaded? Running 2026ms or 40 ticks behind
[20:01:00] [Server thread/WARN]: Can't keep up! Is the server overloaded? Running 3211ms or 64 ticks behind
[20:01:20] [Server thread/WARN]: Can't keep up! Is the server overloaded? Running 2004ms or 40 ticks behind
[20:02:07] [Server thread/WARN]: Can't keep up! Is the server overloaded? Running 2004ms or 40 ticks behind
[20:02:54] [Server thread/WARN]: Can't keep up! Is the server overloaded? Running 2063ms or 41 ticks behind
[20:03:14] [Server thread/WARN]: Can't keep up! Is the server overloaded? Running 5847ms or 116 ticks behind
[20:03:33] [Server thread/WARN]: Can't keep up! Is the server overloaded? Running 3666ms or 73 ticks behind
[20:04:10] [Server thread/WARN]: Can't keep up! Is the server overloaded? Running 22150ms or 443 ticks behind
